7DET
7DEO
7DEU
7VMU
7VNB
7JVB
7CJF
7BWJ
3BGF
7E23
6XC4
6XC2
7NXC
7DJZ
7E3O
7DK2
7DK0
6ZCZ
6ZFO
6ZDG
7JMW
7DPM
6ZER
7MF1
6XE1
7CDI
6XKP
7CHS
7CHP
7CHO
7E8M
7C01
7B3O
7CDJ
6XKQ
7NP1
7L5B
7MZM
7KN4
7JMP
7CH4
7E39
7E3C
7E3B
7CH5
7MZL
7MZN
7KN3
7JMO
7MZH
7BZ5
7RKU
7RKS
7N4L
6W41
7N4M
7N3I
7KN5
7M3I
7N4J
7KMI
7KMH
7RR0
7CAH
7MKM
7KN7
7KN6
7CHB
7KMG
6XC7
6XC3
7E7Y
7E5O
7PS0
7E8F
7MZI
7MZF
7MZG
7D2Z
7LY3
7N4I
7S4S
7PS7
7C8V
7C8W
7CAN
7K9K
7K9I
7D30
7E88
7E86
7PRZ
7PS4
7MMO
7PS5
7EAM
7M8J
7E5Y
6XDG
7E7X
7OLZ
7L7D
7M7W
7M42
7R8L
7K9Z
7CHC
7NXB
7NX6
7NX9
7NXA
7NX7
7NX8
7KGK
7Q0I
7MLZ
7EAN
7L0N
7S0B
7M6D
7KLW
7PS1
7DX4
7R6X
7CHF
7MZJ
7RPV
7L7E
7MZK
7LOP
7PRY
7R6W
7Q0H
7LM8
7CHE
7MSQ
7JX3
7D6I
7PS2
7Q0G
7ORA
7OR9
7PS6
7MFU
7ORB
7LQ7
7CYV
7RXD
