2022-09-15 08:24:40+03:00
--2022-09-15 08:24:40--  https://life.bsc.es/pid/skempi2/database/download/skempi_v2.csv
Resolving life.bsc.es (life.bsc.es)... 84.88.52.107
Connecting to life.bsc.es (life.bsc.es)|84.88.52.107|:443... connected.
HTTP request sent, awaiting response... 200 OK
Length: 1602208 (1,5M) [text/csv]
Saving to: ‘dG-datasets/skempi.csv’

     0K .......... .......... .......... .......... ..........  3%  708K 2s
    50K .......... .......... .......... .......... ..........  6%  705K 2s
   100K .......... .......... .......... .......... ..........  9%  188M 1s
   150K .......... .......... .......... .......... .......... 12%  706K 1s
   200K .......... .......... .......... .......... .......... 15%  168M 1s
   250K .......... .......... .......... .......... .......... 19%  195M 1s
   300K .......... .......... .......... .......... .......... 22%  194M 1s
   350K .......... .......... .......... .......... .......... 25%  712K 1s
   400K .......... .......... .......... .......... .......... 28%  117M 1s
   450K .......... .......... .......... .......... .......... 31%  117M 1s
   500K .......... .......... .......... .......... .......... 35%  117M 1s
   550K .......... .......... .......... .......... .......... 38%  109M 0s
   600K .......... .......... .......... .......... .......... 41%  119M 0s
   650K .......... .......... .......... .......... .......... 44%  114M 0s
   700K .......... .......... .......... .......... .......... 47%  117M 0s
   750K .......... .......... .......... .......... .......... 51%  734K 0s
   800K .......... .......... .......... .......... .......... 54%  143M 0s
   850K .......... .......... .......... .......... .......... 57% 89,1M 0s
   900K .......... .......... .......... .......... .......... 60% 90,6M 0s
   950K .......... .......... .......... .......... .......... 63%  109M 0s
  1000K .......... .......... .......... .......... .......... 67%  114M 0s
  1050K .......... .......... .......... .......... .......... 70% 96,6M 0s
  1100K .......... .......... .......... .......... .......... 73% 91,9M 0s
  1150K .......... .......... .......... .......... .......... 76% 93,7M 0s
  1200K .......... .......... .......... .......... .......... 79%  116M 0s
  1250K .......... .......... .......... .......... .......... 83%  757K 0s
  1300K .......... .......... .......... .......... .......... 86%  116M 0s
  1350K .......... .......... .......... .......... .......... 89%  100M 0s
  1400K .......... .......... .......... .......... .......... 92% 72,7M 0s
  1450K .......... .......... .......... .......... .......... 95% 83,9M 0s
  1500K .......... .......... .......... .......... .......... 99%  115M 0s
  1550K .......... ....                                       100% 80,9M=0,4s

2022-09-15 08:24:40 (3,57 MB/s) - ‘dG-datasets/skempi.csv’ saved [1602208/1602208]

